[2012-10-16 11:46:45] START
[2012-10-16 11:48:00] CREATE db_facebook.py: 0
[2012-10-16 11:53:51] EDIT miFacebook/models/db_facebook.py: 2
[2012-10-16 11:59:29] EDIT miFacebook/models/db_facebook.py: 3
[2012-10-16 12:11:56] EDIT miFacebook/models/db_facebook.py: 11
[2012-10-16 12:12:16] EDIT miFacebook/models/db_facebook.py: 0
[2012-10-16 12:12:49] EDIT miFacebook/models/db_facebook.py: 0
[2012-10-16 12:13:44] EDIT miFacebook/models/db_facebook.py: 0
[2012-10-16 12:31:18] EDIT miFacebook/models/db_facebook.py: 0
[2012-10-16 12:39:03] EDIT miFacebook/controllers/default.py: -1
[2012-10-16 12:44:11] EDIT miFacebook/controllers/default.py: 5
[2012-10-16 12:50:44] EDIT miFacebook/controllers/default.py: 3
[2012-10-16 12:50:54] EDIT miFacebook/controllers/default.py: 0
[2012-10-16 12:52:05] EDIT miFacebook/controllers/default.py: 1
[2012-10-16 12:55:12] CREATE default/home.html: 0
[2012-10-16 13:00:25] EDIT miFacebook/views/default/home.html: 5
[2012-10-16 13:03:17] EDIT miFacebook/controllers/default.py: 1
[2012-10-16 13:10:33] EDIT miFacebook/controllers/default.py: 7
[2012-10-16 13:11:31] EDIT miFacebook/controllers/default.py: 0
[2012-10-16 13:12:11] CREATE default/wall.html: 0
[2012-10-16 13:13:14] EDIT miFacebook/views/default/wall.html: -1
[2012-10-16 13:14:07] EDIT miFacebook/views/default/wall.html: 2
[2012-10-16 13:14:40] EDIT miFacebook/views/default/wall.html: 0
[2012-10-16 13:50:20] EDIT miFacebook/views/default/home.html: 0
[2012-10-16 13:54:56] EDIT miFacebook/views/default/wall.html: 0
[2012-10-16 13:59:10] EDIT miFacebook/views/default/home.html: 0
[2012-10-16 13:59:16] EDIT miFacebook/views/default/home.html: 0
[2012-10-16 13:59:51] EDIT miFacebook/views/default/home.html: 0
[2012-10-16 14:00:48] EDIT miFacebook/views/default/wall.html: 1
[2012-10-16 14:01:33] EDIT miFacebook/views/default/wall.html: 5
[2012-10-16 14:15:25] EDIT miFacebook/controllers/default.py: 11
[2012-10-16 14:15:30] EDIT miFacebook/controllers/default.py: 0
[2012-10-16 14:17:06] CREATE default/search.html: 0
[2012-10-16 14:27:33] EDIT miFacebook/views/default/search.html: 16
[2012-10-16 14:31:23] EDIT miFacebook/views/default/search.html: 2
[2012-10-17 09:00:53] EDIT miFacebook/views/default/search.html: 0
[2012-10-17 09:16:34] EDIT miFacebook/controllers/default.py: 5
[2012-10-17 09:29:52] EDIT miFacebook/controllers/default.py: 18
[2012-10-17 09:30:56] EDIT miFacebook/controllers/default.py: 0
[2012-10-17 09:32:11] EDIT miFacebook/controllers/default.py: 0
[2012-10-17 09:32:14] EDIT miFacebook/controllers/default.py: 0
[2012-10-17 09:32:19] EDIT miFacebook/controllers/default.py: 0
[2012-10-17 09:32:23] EDIT miFacebook/controllers/default.py: 0
[2012-10-17 09:32:42] EDIT miFacebook/controllers/default.py: 0
[2012-10-17 09:32:44] EDIT miFacebook/controllers/default.py: 0
[2012-10-17 09:32:44] EDIT miFacebook/controllers/default.py: 0
[2012-10-17 09:32:45] EDIT miFacebook/controllers/default.py: 0
[2012-10-17 09:32:45] EDIT miFacebook/controllers/default.py: 0
[2012-10-17 09:32:45] EDIT miFacebook/controllers/default.py: 0
[2012-10-17 09:32:45] EDIT miFacebook/controllers/default.py: 0
[2012-10-17 09:32:45] EDIT miFacebook/controllers/default.py: 0
[2012-10-17 09:32:45] EDIT miFacebook/controllers/default.py: 0
[2012-10-17 09:32:46] EDIT miFacebook/controllers/default.py: 0
[2012-10-17 09:32:46] EDIT miFacebook/controllers/default.py: 0
[2012-10-17 09:32:46] EDIT miFacebook/controllers/default.py: 0
[2012-10-17 09:32:46] EDIT miFacebook/controllers/default.py: 0
[2012-10-17 09:33:05] EDIT miFacebook/controllers/default.py: 0
[2012-10-17 09:33:05] EDIT miFacebook/controllers/default.py: 0
[2012-10-17 09:33:05] EDIT miFacebook/controllers/default.py: 0
[2012-10-17 09:33:05] EDIT miFacebook/controllers/default.py: 0
[2012-10-17 09:33:06] EDIT miFacebook/controllers/default.py: 0
[2012-10-17 09:33:06] EDIT miFacebook/controllers/default.py: 0
[2012-10-17 09:33:06] EDIT miFacebook/controllers/default.py: 0
[2012-10-17 09:33:06] EDIT miFacebook/controllers/default.py: 0
[2012-10-17 09:33:06] EDIT miFacebook/controllers/default.py: 0
[2012-10-17 09:33:06] EDIT miFacebook/controllers/default.py: 0
[2012-10-17 09:33:06] EDIT miFacebook/controllers/default.py: 0
[2012-10-17 09:33:06] EDIT miFacebook/controllers/default.py: 0
[2012-10-17 09:33:12] EDIT miFacebook/controllers/default.py: 0
[2012-10-17 09:33:13] EDIT miFacebook/controllers/default.py: 0
[2012-10-17 09:35:42] CREATE default/friends.html: 0
[2012-10-17 09:36:59] EDIT miFacebook/views/default/friends.html: 51
[2012-10-17 09:37:35] EDIT miFacebook/models/menu.py: -57
[2012-10-17 09:37:43] EDIT miFacebook/models/menu.py: 0
[2012-10-17 09:37:48] EDIT miFacebook/models/menu.py: 0
[2012-10-17 09:41:15] EDIT miFacebook/views/default/friends.html: -1
[2012-10-17 09:41:25] EDIT miFacebook/models/menu.py: 0
[2012-10-17 09:41:50] EDIT miFacebook/controllers/default.py: 0
[2012-10-17 09:42:00] EDIT miFacebook/controllers/default.py: 0
[2012-10-17 10:28:01] CREATE routes.py: 0
[2012-10-17 10:28:54] EDIT miFacebook/modules/routes.py: 6
[2012-10-17 10:31:07] EDIT miFacebook/modules/routes.py: -2
[2012-10-17 10:31:24] CREATE routes.py: 0
[2012-10-17 10:31:50] EDIT miFacebook/static/routes.py: 5
[2012-10-17 10:33:15] DELETE miFacebook/static/routes.py.bak: 0
[2012-10-17 10:33:19] DELETE miFacebook/static/routes.py: -5
[2012-10-17 10:33:47] DELETE miFacebook/modules/routes.py: -5
